<?xml version="1.0" encoding="UTF-8"?>
<!-- Generated by org.testng.reporters.JUnitReportReporter -->
<testsuite skipped="0" hostname="ShubhamJ-PC" name="test.java.dockerRemoteProject.test" tests="4" failures="0" timestamp="14 Feb 2018 13:04:59 GMT" time="111.055" errors="0">
  <testcase name="mytest2" time="23.042" classname="test.java.dockerRemoteProject.test"/>
  <testcase name="mytest2" time="19.845" classname="test.java.dockerRemoteProject.test"/>
  <testcase name="mytest" time="29.054" classname="test.java.dockerRemoteProject.test"/>
  <testcase name="mytest" time="39.114" classname="test.java.dockerRemoteProject.test"/>
</testsuite> <!-- test.java.dockerRemoteProject.test -->
