<?xml version="1.0" encoding="UTF-8"?>
<!-- Generated by org.testng.reporters.JUnitReportReporter -->
<testsuite skipped="0" hostname="ShubhamJ-PC" name="test.java.dockerRemoteProject.test" tests="4" failures="0" timestamp="12 Feb 2018 12:11:32 GMT" time="85.834" errors="0">
  <testcase name="mytest" time="23.976" classname="test.java.dockerRemoteProject.test"/>
  <testcase name="mytest" time="24.247" classname="test.java.dockerRemoteProject.test"/>
  <testcase name="mytest2" time="18.012" classname="test.java.dockerRemoteProject.test"/>
  <testcase name="mytest2" time="19.599" classname="test.java.dockerRemoteProject.test"/>
</testsuite> <!-- test.java.dockerRemoteProject.test -->
