<?xml version="1.0" encoding="UTF-8"?>
<!-- Generated by org.testng.reporters.JUnitReportReporter -->
<testsuite skipped="0" hostname="ShubhamJ-PC" name="test.java.dockerRemoteProject.test" tests="4" failures="0" timestamp="20 Feb 2018 09:45:59 GMT" time="168.060" errors="0">
  <testcase name="mytest2" time="8.833" classname="test.java.dockerRemoteProject.test"/>
  <testcase name="mytest2" time="16.945" classname="test.java.dockerRemoteProject.test"/>
  <testcase name="mytest" time="68.142" classname="test.java.dockerRemoteProject.test"/>
  <testcase name="mytest" time="74.140" classname="test.java.dockerRemoteProject.test"/>
</testsuite> <!-- test.java.dockerRemoteProject.test -->
